<?xml version="1.0" encoding="utf-8"?><testsuites name="pytest tests"><testsuite name="pytest" errors="0" failures="0" skipped="0" tests="5" time="20.106" timestamp="2025-06-10T22:17:30.819258+00:00" hostname="ip-172-31-17-165"><testcase classname="test.integration.todoApiTest.TestApi" name="test_api_addtodo" time="6.793" /><testcase classname="test.integration.todoApiTest.TestApi" name="test_api_deletetodo" time="4.022" /><testcase classname="test.integration.todoApiTest.TestApi" name="test_api_gettodo" time="1.078" /><testcase classname="test.integration.todoApiTest.TestApi" name="test_api_listtodos" time="3.653" /><testcase classname="test.integration.todoApiTest.TestApi" name="test_api_updatetodo" time="4.336" /></testsuite></testsuites>